Started GET "/" for 127.0.0.1 at 2024-05-07 02:44:33 +0530
  [1m[36mActiveRecord::SchemaMigration Pluck (0.5ms)[0m  [1m[34mSELECT "schema_migrations"."version" FROM "schema_migrations" ORDER BY "schema_migrations"."version" ASC[0m
Processing by HomeController#index as HTML
  Rendering layout layouts/application.html.erb
  Rendering home/index.html.erb within layouts/application
  Rendered home/index.html.erb within layouts/application (Duration: 11.5ms | Allocations: 2332)
  Rendered layout layouts/application.html.erb (Duration: 255.1ms | Allocations: 86039)
Completed 200 OK in 270ms (Views: 262.3ms | ActiveRecord: 0.0ms | Allocations: 89536)


Started POST "/home/turbo_frame_submit" for 127.0.0.1 at 2024-05-07 02:44:40 +0530
Processing by HomeController#turbo_frame_submit as TURBO_STREAM
  Parameters: {"authenticity_token"=>"[FILTERED]", "any"=>{"anynumber"=>"02"}, "commit"=>"Submit this number"}
  Rendering layout /Users/mac/.rbenv/versions/3.1.0/lib/ruby/gems/3.1.0/gems/turbo-rails-2.0.5/app/views/layouts/turbo_rails/frame.html.erb
  Rendering home/turbo_frame_form.html.erb within layouts/turbo_rails/frame
  Rendered home/turbo_frame_form.html.erb within layouts/turbo_rails/frame (Duration: 1.8ms | Allocations: 807)
  Rendered layout /Users/mac/.rbenv/versions/3.1.0/lib/ruby/gems/3.1.0/gems/turbo-rails-2.0.5/app/views/layouts/turbo_rails/frame.html.erb (Duration: 2.8ms | Allocations: 1032)
Completed 200 OK in 6ms (Views: 4.5ms | ActiveRecord: 0.0ms | Allocations: 2001)


Started POST "/home/turbo_frame_submit" for 127.0.0.1 at 2024-05-07 02:45:11 +0530
Processing by HomeController#turbo_frame_submit as TURBO_STREAM
  Parameters: {"authenticity_token"=>"[FILTERED]", "any"=>{"anynumber"=>"022243"}, "commit"=>"Submit this number"}
  Rendering layout /Users/mac/.rbenv/versions/3.1.0/lib/ruby/gems/3.1.0/gems/turbo-rails-2.0.5/app/views/layouts/turbo_rails/frame.html.erb
  Rendering home/turbo_frame_form.html.erb within layouts/turbo_rails/frame
  Rendered home/turbo_frame_form.html.erb within layouts/turbo_rails/frame (Duration: 0.5ms | Allocations: 428)
  Rendered layout /Users/mac/.rbenv/versions/3.1.0/lib/ruby/gems/3.1.0/gems/turbo-rails-2.0.5/app/views/layouts/turbo_rails/frame.html.erb (Duration: 0.7ms | Allocations: 520)
Completed 200 OK in 3ms (Views: 1.2ms | ActiveRecord: 0.0ms | Allocations: 978)


Started GET "/" for 127.0.0.1 at 2024-05-07 02:46:17 +0530
Processing by HomeController#index as HTML
  Rendering layout layouts/application.html.erb
  Rendering home/index.html.erb within layouts/application
  Rendered home/index.html.erb within layouts/application (Duration: 1.1ms | Allocations: 812)
  Rendered layout layouts/application.html.erb (Duration: 17.2ms | Allocations: 16082)
Completed 200 OK in 18ms (Views: 18.0ms | ActiveRecord: 0.0ms | Allocations: 16724)


Started POST "/home/turbo_frame_submit" for 127.0.0.1 at 2024-05-07 02:46:19 +0530
Processing by HomeController#turbo_frame_submit as TURBO_STREAM
  Parameters: {"authenticity_token"=>"[FILTERED]", "any"=>{"anynumber"=>"20"}, "commit"=>"Submit this number"}
  Rendering layout /Users/mac/.rbenv/versions/3.1.0/lib/ruby/gems/3.1.0/gems/turbo-rails-2.0.5/app/views/layouts/turbo_rails/frame.html.erb
  Rendering home/turbo_frame_form.html.erb within layouts/turbo_rails/frame
  Rendered home/turbo_frame_form.html.erb within layouts/turbo_rails/frame (Duration: 0.7ms | Allocations: 432)
  Rendered layout /Users/mac/.rbenv/versions/3.1.0/lib/ruby/gems/3.1.0/gems/turbo-rails-2.0.5/app/views/layouts/turbo_rails/frame.html.erb (Duration: 0.8ms | Allocations: 525)
Completed 200 OK in 2ms (Views: 1.2ms | ActiveRecord: 0.0ms | Allocations: 1013)


Started GET "/" for 127.0.0.1 at 2024-05-07 02:49:07 +0530
  [1m[36mActiveRecord::SchemaMigration Pluck (0.4ms)[0m  [1m[34mSELECT "schema_migrations"."version" FROM "schema_migrations" ORDER BY "schema_migrations"."version" ASC[0m
Processing by HomeController#index as HTML
  Rendering layout layouts/application.html.erb
  Rendering home/index.html.erb within layouts/application
  Rendered home/index.html.erb within layouts/application (Duration: 8.3ms | Allocations: 1976)
  Rendered layout layouts/application.html.erb (Duration: 96.6ms | Allocations: 34811)
Completed 200 OK in 105ms (Views: 101.1ms | ActiveRecord: 0.0ms | Allocations: 37376)


Started POST "/home/turbo_frame_submit" for 127.0.0.1 at 2024-05-07 02:49:11 +0530
Processing by HomeController#turbo_frame_submit as TURBO_STREAM
  Parameters: {"authenticity_token"=>"[FILTERED]", "any"=>{"anynumber"=>"02"}, "commit"=>"Submit this number"}
  Rendering layout /Users/mac/.rbenv/versions/3.1.0/lib/ruby/gems/3.1.0/gems/turbo-rails-2.0.5/app/views/layouts/turbo_rails/frame.html.erb
  Rendering home/turbo_frame_form.html.erb within layouts/turbo_rails/frame
  Rendered home/turbo_frame_form.html.erb within layouts/turbo_rails/frame (Duration: 1.4ms | Allocations: 808)
  Rendered layout /Users/mac/.rbenv/versions/3.1.0/lib/ruby/gems/3.1.0/gems/turbo-rails-2.0.5/app/views/layouts/turbo_rails/frame.html.erb (Duration: 2.1ms | Allocations: 1033)
Completed 200 OK in 4ms (Views: 3.1ms | ActiveRecord: 0.0ms | Allocations: 1988)


Started GET "/other/index" for 127.0.0.1 at 2024-05-07 02:49:12 +0530
Processing by OtherController#index as HTML
  Rendering layout layouts/application.html.erb
  Rendering other/index.html.erb within layouts/application
  Rendered other/index.html.erb within layouts/application (Duration: 1.1ms | Allocations: 811)
  Rendered layout layouts/application.html.erb (Duration: 3.3ms | Allocations: 2338)
Completed 200 OK in 5ms (Views: 4.8ms | ActiveRecord: 0.0ms | Allocations: 3043)


Started GET "/" for 127.0.0.1 at 2024-05-07 02:49:12 +0530
Processing by HomeController#index as HTML
  Rendering layout layouts/application.html.erb
  Rendering home/index.html.erb within layouts/application
  Rendered home/index.html.erb within layouts/application (Duration: 1.0ms | Allocations: 621)
  Rendered layout layouts/application.html.erb (Duration: 2.7ms | Allocations: 1953)
Completed 200 OK in 4ms (Views: 3.1ms | ActiveRecord: 0.0ms | Allocations: 2241)


Started POST "/other/post_something" for 127.0.0.1 at 2024-05-07 02:49:14 +0530
Processing by OtherController#post_something as TURBO_STREAM
  Parameters: {"authenticity_token"=>"[FILTERED]", "commit"=>"Post any message"}
  Rendering other/post_something.turbo_stream.erb
  Rendered other/post_something.turbo_stream.erb (Duration: 0.4ms | Allocations: 104)
Completed 200 OK in 3ms (Views: 1.4ms | ActiveRecord: 0.0ms | Allocations: 942)


Started POST "/other/post_something" for 127.0.0.1 at 2024-05-07 02:49:20 +0530
Processing by OtherController#post_something as TURBO_STREAM
  Parameters: {"authenticity_token"=>"[FILTERED]", "commit"=>"Post any message"}
  Rendering other/post_something.turbo_stream.erb
  Rendered other/post_something.turbo_stream.erb (Duration: 0.0ms | Allocations: 7)
Completed 200 OK in 2ms (Views: 0.6ms | ActiveRecord: 0.0ms | Allocations: 550)


Started POST "/other/post_something" for 127.0.0.1 at 2024-05-07 02:49:22 +0530
Processing by OtherController#post_something as TURBO_STREAM
  Parameters: {"authenticity_token"=>"[FILTERED]", "commit"=>"Post any message"}
  Rendering other/post_something.turbo_stream.erb
  Rendered other/post_something.turbo_stream.erb (Duration: 0.1ms | Allocations: 7)
Completed 200 OK in 2ms (Views: 0.6ms | ActiveRecord: 0.0ms | Allocations: 557)


Started POST "/other/post_something" for 127.0.0.1 at 2024-05-07 02:49:23 +0530
Processing by OtherController#post_something as TURBO_STREAM
  Parameters: {"authenticity_token"=>"[FILTERED]", "commit"=>"Post any message"}
  Rendering other/post_something.turbo_stream.erb
  Rendered other/post_something.turbo_stream.erb (Duration: 0.0ms | Allocations: 7)
Completed 200 OK in 1ms (Views: 0.4ms | ActiveRecord: 0.0ms | Allocations: 551)


Started POST "/other/post_something" for 127.0.0.1 at 2024-05-07 02:50:12 +0530
Processing by OtherController#post_something as TURBO_STREAM
  Parameters: {"authenticity_token"=>"[FILTERED]", "commit"=>"Post any message"}
  Rendering other/post_something.turbo_stream.erb
  Rendered other/post_something.turbo_stream.erb (Duration: 0.4ms | Allocations: 129)
Completed 200 OK in 4ms (Views: 2.5ms | ActiveRecord: 0.0ms | Allocations: 1418)


Started POST "/other/post_something" for 127.0.0.1 at 2024-05-07 02:50:13 +0530
Processing by OtherController#post_something as TURBO_STREAM
  Parameters: {"authenticity_token"=>"[FILTERED]", "commit"=>"Post any message"}
  Rendering other/post_something.turbo_stream.erb
  Rendered other/post_something.turbo_stream.erb (Duration: 0.0ms | Allocations: 7)
Completed 200 OK in 1ms (Views: 0.4ms | ActiveRecord: 0.0ms | Allocations: 626)


Started POST "/other/post_something" for 127.0.0.1 at 2024-05-07 02:50:38 +0530
Processing by OtherController#post_something as TURBO_STREAM
  Parameters: {"authenticity_token"=>"[FILTERED]", "commit"=>"Post any message"}
  Rendering other/post_something.turbo_stream.erb
  Rendered other/post_something.turbo_stream.erb (Duration: 0.5ms | Allocations: 129)
Completed 200 OK in 4ms (Views: 3.0ms | ActiveRecord: 0.0ms | Allocations: 1417)


Started POST "/other/post_something" for 127.0.0.1 at 2024-05-07 02:50:38 +0530
Processing by OtherController#post_something as TURBO_STREAM
  Parameters: {"authenticity_token"=>"[FILTERED]", "commit"=>"Post any message"}
  Rendering other/post_something.turbo_stream.erb
  Rendered other/post_something.turbo_stream.erb (Duration: 0.1ms | Allocations: 7)
Completed 200 OK in 2ms (Views: 0.6ms | ActiveRecord: 0.0ms | Allocations: 644)


Started POST "/other/post_something" for 127.0.0.1 at 2024-05-07 02:50:39 +0530
Processing by OtherController#post_something as TURBO_STREAM
  Parameters: {"authenticity_token"=>"[FILTERED]", "commit"=>"Post any message"}
  Rendering other/post_something.turbo_stream.erb
  Rendered other/post_something.turbo_stream.erb (Duration: 0.1ms | Allocations: 7)
Completed 200 OK in 1ms (Views: 0.4ms | ActiveRecord: 0.0ms | Allocations: 551)


Started GET "/other/index" for 127.0.0.1 at 2024-05-07 02:50:40 +0530
Processing by OtherController#index as HTML
  Rendering layout layouts/application.html.erb
  Rendering other/index.html.erb within layouts/application
  Rendered other/index.html.erb within layouts/application (Duration: 1.4ms | Allocations: 684)
  Rendered layout layouts/application.html.erb (Duration: 5.0ms | Allocations: 2370)
Completed 200 OK in 6ms (Views: 5.5ms | ActiveRecord: 0.0ms | Allocations: 2692)


Started POST "/other/post_something" for 127.0.0.1 at 2024-05-07 02:50:41 +0530
Processing by OtherController#post_something as TURBO_STREAM
  Parameters: {"authenticity_token"=>"[FILTERED]", "commit"=>"Post any message"}
  Rendering other/post_something.turbo_stream.erb
  Rendered other/post_something.turbo_stream.erb (Duration: 0.1ms | Allocations: 7)
Completed 200 OK in 2ms (Views: 0.6ms | ActiveRecord: 0.0ms | Allocations: 533)


Started POST "/other/post_something" for 127.0.0.1 at 2024-05-07 02:50:52 +0530
Processing by OtherController#post_something as TURBO_STREAM
  Parameters: {"authenticity_token"=>"[FILTERED]", "commit"=>"Post any message"}
  Rendering other/post_something.turbo_stream.erb
  Rendered other/post_something.turbo_stream.erb (Duration: 0.0ms | Allocations: 7)
Completed 200 OK in 1ms (Views: 0.4ms | ActiveRecord: 0.0ms | Allocations: 527)


Started GET "/other/index" for 127.0.0.1 at 2024-05-07 02:51:12 +0530
Processing by OtherController#index as HTML
  Rendering layout layouts/application.html.erb
  Rendering other/index.html.erb within layouts/application
  Rendered other/index.html.erb within layouts/application (Duration: 1.4ms | Allocations: 779)
  Rendered layout layouts/application.html.erb (Duration: 3.5ms | Allocations: 2482)
Completed 200 OK in 5ms (Views: 5.0ms | ActiveRecord: 0.0ms | Allocations: 3205)


Started POST "/other/post_something" for 127.0.0.1 at 2024-05-07 02:51:14 +0530
Processing by OtherController#post_something as TURBO_STREAM
  Parameters: {"authenticity_token"=>"[FILTERED]", "commit"=>"Post any message"}
  Rendering other/post_something.turbo_stream.erb
  Rendered other/post_something.turbo_stream.erb (Duration: 0.4ms | Allocations: 101)
Completed 200 OK in 2ms (Views: 1.2ms | ActiveRecord: 0.0ms | Allocations: 876)


Started POST "/other/post_something" for 127.0.0.1 at 2024-05-07 02:51:14 +0530
Processing by OtherController#post_something as TURBO_STREAM
  Parameters: {"authenticity_token"=>"[FILTERED]", "commit"=>"Post any message"}
  Rendering other/post_something.turbo_stream.erb
  Rendered other/post_something.turbo_stream.erb (Duration: 0.0ms | Allocations: 7)
Completed 200 OK in 2ms (Views: 0.7ms | ActiveRecord: 0.0ms | Allocations: 551)


Started POST "/other/post_something" for 127.0.0.1 at 2024-05-07 02:51:15 +0530
Processing by OtherController#post_something as TURBO_STREAM
  Parameters: {"authenticity_token"=>"[FILTERED]", "commit"=>"Post any message"}
  Rendering other/post_something.turbo_stream.erb
  Rendered other/post_something.turbo_stream.erb (Duration: 0.1ms | Allocations: 7)
Completed 200 OK in 2ms (Views: 1.2ms | ActiveRecord: 0.0ms | Allocations: 542)


Started GET "/" for 127.0.0.1 at 2024-05-07 02:52:50 +0530
Processing by HomeController#index as HTML
  Rendering layout layouts/application.html.erb
  Rendering home/index.html.erb within layouts/application
  Rendered home/index.html.erb within layouts/application (Duration: 1.8ms | Allocations: 1073)
  Rendered layout layouts/application.html.erb (Duration: 43.9ms | Allocations: 18769)
Completed 200 OK in 47ms (Views: 46.2ms | ActiveRecord: 0.0ms | Allocations: 19494)


Started GET "/" for 127.0.0.1 at 2024-05-07 02:52:50 +0530
Processing by HomeController#index as HTML
  Rendering layout layouts/application.html.erb
  Rendering home/index.html.erb within layouts/application
  Rendered home/index.html.erb within layouts/application (Duration: 0.7ms | Allocations: 606)
  Rendered layout layouts/application.html.erb (Duration: 2.1ms | Allocations: 1937)
Completed 200 OK in 3ms (Views: 2.4ms | ActiveRecord: 0.0ms | Allocations: 2223)


Started GET "/other/index" for 127.0.0.1 at 2024-05-07 02:52:50 +0530
Processing by OtherController#index as HTML
  Rendering layout layouts/application.html.erb
  Rendering other/index.html.erb within layouts/application
  Rendered other/index.html.erb within layouts/application (Duration: 1.9ms | Allocations: 796)
  Rendered layout layouts/application.html.erb (Duration: 3.8ms | Allocations: 2316)
Completed 200 OK in 6ms (Views: 5.4ms | ActiveRecord: 0.0ms | Allocations: 2907)


Started GET "/" for 127.0.0.1 at 2024-05-07 02:52:52 +0530
Processing by HomeController#index as HTML
  Rendering layout layouts/application.html.erb
  Rendering home/index.html.erb within layouts/application
  Rendered home/index.html.erb within layouts/application (Duration: 1.1ms | Allocations: 621)
  Rendered layout layouts/application.html.erb (Duration: 3.3ms | Allocations: 1952)
Completed 200 OK in 4ms (Views: 3.7ms | ActiveRecord: 0.0ms | Allocations: 2240)


Started GET "/other/index" for 127.0.0.1 at 2024-05-07 02:53:34 +0530
Processing by OtherController#index as HTML
  Rendering layout layouts/application.html.erb
  Rendering other/index.html.erb within layouts/application
  Rendered other/index.html.erb within layouts/application (Duration: 1.1ms | Allocations: 783)
  Rendered layout layouts/application.html.erb (Duration: 3.1ms | Allocations: 2486)
Completed 200 OK in 5ms (Views: 4.5ms | ActiveRecord: 0.0ms | Allocations: 3210)


Started GET "/" for ::1 at 2024-05-07 02:53:59 +0530
Processing by HomeController#index as HTML
  Rendering layout layouts/application.html.erb
  Rendering home/index.html.erb within layouts/application
  Rendered home/index.html.erb within layouts/application (Duration: 2.5ms | Allocations: 979)
  Rendered layout layouts/application.html.erb (Duration: 5.2ms | Allocations: 2496)
Completed 200 OK in 9ms (Views: 7.1ms | ActiveRecord: 0.0ms | Allocations: 3104)


Started GET "/other/index" for ::1 at 2024-05-07 02:54:01 +0530
Processing by OtherController#index as HTML
  Rendering layout layouts/application.html.erb
  Rendering other/index.html.erb within layouts/application
  Rendered other/index.html.erb within layouts/application (Duration: 1.1ms | Allocations: 426)
  Rendered layout layouts/application.html.erb (Duration: 3.6ms | Allocations: 1762)
Completed 200 OK in 5ms (Views: 4.4ms | ActiveRecord: 0.0ms | Allocations: 2053)


Started GET "/" for ::1 at 2024-05-07 02:54:01 +0530
Processing by HomeController#index as HTML
  Rendering layout layouts/application.html.erb
  Rendering home/index.html.erb within layouts/application
  Rendered home/index.html.erb within layouts/application (Duration: 1.0ms | Allocations: 624)
  Rendered layout layouts/application.html.erb (Duration: 3.4ms | Allocations: 1955)
Completed 200 OK in 5ms (Views: 4.1ms | ActiveRecord: 0.0ms | Allocations: 2224)


Started GET "/other/index" for 127.0.0.1 at 2024-05-07 02:54:12 +0530
Processing by OtherController#index as HTML
  Rendering layout layouts/application.html.erb
  Rendering other/index.html.erb within layouts/application
  Rendered other/index.html.erb within layouts/application (Duration: 0.6ms | Allocations: 411)
  Rendered layout layouts/application.html.erb (Duration: 2.5ms | Allocations: 1746)
Completed 200 OK in 3ms (Views: 2.9ms | ActiveRecord: 0.0ms | Allocations: 2014)


